mode: set
github.com/matiasleandrokruk/fenix/pkg/auth/auth.go:27.28,29.18 2 1
github.com/matiasleandrokruk/fenix/pkg/auth/auth.go:29.18,30.78 1 0
github.com/matiasleandrokruk/fenix/pkg/auth/auth.go:32.2,32.23 1 1
github.com/matiasleandrokruk/fenix/pkg/auth/auth.go:38.53,39.21 1 1
github.com/matiasleandrokruk/fenix/pkg/auth/auth.go:39.21,41.3 1 1
github.com/matiasleandrokruk/fenix/pkg/auth/auth.go:43.2,44.16 2 1
github.com/matiasleandrokruk/fenix/pkg/auth/auth.go:44.16,46.3 1 1
github.com/matiasleandrokruk/fenix/pkg/auth/auth.go:48.2,48.41 1 1
github.com/matiasleandrokruk/fenix/pkg/auth/auth.go:52.35,54.2 1 1
github.com/matiasleandrokruk/fenix/pkg/auth/auth.go:61.52,63.16 2 1
github.com/matiasleandrokruk/fenix/pkg/auth/auth.go:63.16,65.3 1 0
github.com/matiasleandrokruk/fenix/pkg/auth/auth.go:66.2,66.26 1 1
github.com/matiasleandrokruk/fenix/pkg/auth/auth.go:72.49,75.2 2 1
github.com/matiasleandrokruk/fenix/pkg/auth/auth.go:91.62,107.16 6 1
github.com/matiasleandrokruk/fenix/pkg/auth/auth.go:107.16,109.3 1 0
github.com/matiasleandrokruk/fenix/pkg/auth/auth.go:111.2,111.25 1 1
github.com/matiasleandrokruk/fenix/pkg/auth/auth.go:117.52,118.23 1 1
github.com/matiasleandrokruk/fenix/pkg/auth/auth.go:118.23,120.3 1 1
github.com/matiasleandrokruk/fenix/pkg/auth/auth.go:122.2,122.104 1 1
github.com/matiasleandrokruk/fenix/pkg/auth/auth.go:122.104,124.58 1 1
github.com/matiasleandrokruk/fenix/pkg/auth/auth.go:124.58,126.4 1 0
github.com/matiasleandrokruk/fenix/pkg/auth/auth.go:127.3,127.29 1 1
github.com/matiasleandrokruk/fenix/pkg/auth/auth.go:130.2,130.16 1 1
github.com/matiasleandrokruk/fenix/pkg/auth/auth.go:130.16,132.3 1 1
github.com/matiasleandrokruk/fenix/pkg/auth/auth.go:134.2,135.25 2 1
github.com/matiasleandrokruk/fenix/pkg/auth/auth.go:135.25,137.3 1 0
github.com/matiasleandrokruk/fenix/pkg/auth/auth.go:139.2,139.20 1 1
